  pva_interface.cpp
D:\Workspace\task\001_tensorRT\pva_interface\src\common\common.h(257): warning C4996: 'getenv': This function or variable may be unsafe. Consider using _dupenv_s instead. To disable deprecation, use _CRT_SECURE_NO_WARNINGS. See online help for details.
  C:\Program Files (x86)\Windows Kits\10\Include\10.0.10240.0\ucrt\stdlib.h(1183): note: see declaration of 'getenv'
D:\opencv3.1.0\opencv\build\include\opencv2/core/mat.hpp(1965): warning C4819: The file contains a character that cannot be represented in the current code page (936). Save the file in Unicode format to prevent data loss
D:\opencv3.1.0\opencv\build\include\opencv2/core/persistence.hpp : warning C4819: The file contains a character that cannot be represented in the current code page (936). Save the file in Unicode format to prevent data loss
D:\opencv3.1.0\opencv\build\include\opencv2/core/utility.hpp : warning C4819: The file contains a character that cannot be represented in the current code page (936). Save the file in Unicode format to prevent data loss
D:\opencv3.1.0\opencv\build\include\opencv2/core/utility.hpp : warning C4819: The file contains a character that cannot be represented in the current code page (936). Save the file in Unicode format to prevent data loss
..\..\src\pva_interface.cpp(195): warning C4996: 'strcpy': This function or variable may be unsafe. Consider using strcpy_s instead. To disable deprecation, use _CRT_SECURE_NO_WARNINGS. See online help for details.
  C:\Program Files (x86)\Windows Kits\10\Include\10.0.10240.0\ucrt\string.h(119): note: see declaration of 'strcpy'
..\..\src\pva_interface.cpp(361): warning C4244: '=': conversion from 'double' to 'float', possible loss of data
..\..\src\pva_interface.cpp(362): warning C4244: '=': conversion from 'double' to 'float', possible loss of data
..\..\src\pva_interface.cpp(429): warning C4244: 'argument': conversion from 'float' to 'int', possible loss of data
C:\Program Files (x86)\Microsoft Visual Studio 14.0\VC\include\numeric(20): warning C4244: '=': conversion from 'int64_t' to 'int', possible loss of data
  C:\Program Files (x86)\Microsoft Visual Studio 14.0\VC\include\numeric(30): note: see reference to function template instantiation '_Ty std::_Accumulate_unchecked<_Iter,_Ty,_Fn2>(_InIt,_InIt,_Ty,_Fn2 &)' being compiled
          with
          [
              _Ty=int,
              _Iter=const int *,
              _Fn2=std::multiplies<int64_t>,
              _InIt=const int *
          ]
  D:\Workspace\task\001_tensorRT\pva_interface\src\common\common.h(522): note: see reference to function template instantiation '_Ty std::accumulate<const int*,int,std::multiplies<int64_t>>(_InIt,_InIt,_Ty,_Fn2)' being compiled
          with
          [
              _Ty=int,
              _InIt=const int *,
              _Fn2=std::multiplies<int64_t>
          ]
  Generating code
  3 of 779 functions ( 0.4%) were compiled, the rest were copied from previous compilation.
    0 functions were new in current compilation
    3 functions had inline decision re-evaluated but remain unchanged
  Finished generating code
  Facevisa_interface_tensorRT_PVA.vcxproj -> D:\Workspace\task\001_tensorRT\pva_interface\makefile\Facevisa_interface_tensorRT_PVA\x64\Release\Facevisa_interface_tensorRT_PVA.exe
